Arguments: 
  /home/nadia/.nvm/versions/node/v16.14.2/bin/node /home/nadia/.node/corepack/yarn/1.22.15/bin/yarn.js add --dev hardhat

PATH: 
  /home/nadia/.vscode-server/bin/d037ac076cee195194f93ce6fe2bdfe2969cc82d/bin/remote-cli:/home/nadia/.nvm/versions/node/v16.14.2/bin:/usr/local/sbin:/usr/local/bin:/usr/sbin:/usr/bin:/sbin:/bin:/usr/games:/usr/local/games:/usr/lib/wsl/lib:/mnt/c/Windows/system32:/mnt/c/Windows:/mnt/c/Windows/System32/Wbem:/mnt/c/Windows/System32/WindowsPowerShell/v1.0/:/mnt/c/Windows/System32/OpenSSH/:/mnt/c/Windows:/mnt/c/Windows/system32:/mnt/c/Windows/system32/Wbem:/mnt/c/Program Files/nodejs/:/mnt/c/ProgramData/chocolatey/bin:/mnt/c/Users/hp/AppData/Local/Programs/Python/Python311/Scripts/:/mnt/c/Users/hp/AppData/Local/Programs/Python/Python311/:/mnt/c/Users/hp/AppData/Local/Microsoft/WindowsApps:/mnt/c/Users/hp/AppData/Local/Programs/Microsoft VS Code/bin:/mnt/c/Users/hp/AppData/Roaming/npm:/snap/bin

Yarn version: 
  1.22.15

Node version: 
  16.14.2

Platform: 
  linux x64

Trace: 
  Error: getaddrinfo EAI_AGAIN registry.yarnpkg.com
      at GetAddrInfoReqWrap.onlookup [as oncomplete] (node:dns:71:26)

npm manifest: 
  {
    "name": "dote",
    "version": "1.0.0",
    "main": "index.js",
    "license": "MIT"
  }

yarn manifest: 
  No manifest

Lockfile: 
  No lockfile
